SF:lib/src/length.dart
DA:7,2
DA:9,0
DA:10,0
DA:11,0
DA:12,0
DA:13,0
DA:14,0
DA:15,0
DA:16,0
DA:17,0
DA:18,0
DA:19,0
DA:20,0
DA:21,0
DA:22,0
DA:26,0
DA:27,0
DA:28,0
DA:29,0
DA:30,0
DA:31,4
DA:32,0
DA:33,0
DA:34,0
DA:35,0
DA:36,0
DA:37,2
DA:38,0
DA:39,0
DA:40,0
DA:41,0
DA:42,0
DA:43,0
DA:44,0
DA:45,0
DA:46,0
DA:47,0
DA:48,0
DA:51,0
DA:52,0
DA:53,0
DA:54,0
DA:55,0
DA:56,0
DA:57,0
DA:58,0
DA:59,0
DA:62,0
DA:63,0
DA:64,0
DA:67,0
DA:68,4
DA:69,4
DA:70,5
DA:72,0
DA:73,0
DA:74,0
DA:76,5
DA:77,2
DA:79,5
DA:81,4
DA:82,0
LF:62
LH:10
end_of_record
SF:lib/dart_units.dart
DA:11,2
LF:1
LH:1
end_of_record
SF:lib/src/unit.dart
DA:6,1
DA:8,3
DA:9,3
DA:12,0
DA:13,0
DA:15,0
DA:16,0
LF:7
LH:3
end_of_record
