SF:lib/src/duration.dart
DA:7,1
DA:11,0
DA:12,0
DA:13,0
DA:14,0
DA:15,0
DA:16,0
DA:17,0
DA:18,0
DA:19,0
DA:20,0
DA:21,0
DA:22,0
DA:23,0
DA:24,0
DA:25,0
DA:26,0
DA:27,0
DA:28,0
DA:29,0
DA:30,0
DA:31,0
DA:34,0
DA:35,0
DA:36,0
DA:37,0
DA:38,0
DA:39,0
DA:41,0
DA:42,0
LF:30
LH:1
end_of_record
SF:lib/src/area_density.dart
DA:7,1
DA:9,1
DA:12,5
DA:16,0
DA:19,0
DA:20,0
DA:21,0
DA:23,3
DA:24,1
DA:25,1
DA:29,0
DA:30,0
DA:31,0
DA:32,0
DA:34,0
DA:35,0
DA:36,0
DA:39,0
DA:40,0
LF:19
LH:6
end_of_record
SF:lib/src/length.dart
DA:11,3
DA:15,0
DA:16,0
DA:17,0
DA:18,0
DA:19,0
DA:20,4
DA:21,0
DA:22,0
DA:23,0
DA:24,0
DA:25,0
DA:26,2
DA:27,0
DA:28,0
DA:29,0
DA:30,0
DA:31,0
DA:32,0
DA:33,0
DA:34,0
DA:35,0
DA:36,0
DA:37,0
DA:40,0
DA:41,0
DA:42,0
DA:43,0
DA:44,0
DA:45,0
DA:46,0
DA:47,0
DA:48,4
DA:51,0
DA:52,0
DA:53,0
DA:56,0
DA:57,4
DA:58,4
DA:59,5
DA:61,1
DA:62,4
DA:64,4
DA:65,0
LF:44
LH:10
end_of_record
SF:lib/src/mass.dart
DA:7,2
DA:11,0
DA:12,0
DA:13,0
DA:14,0
DA:15,0
DA:16,0
DA:17,0
DA:18,0
DA:19,0
DA:20,0
DA:21,4
DA:22,0
DA:23,0
DA:24,2
DA:25,4
DA:26,0
DA:27,0
DA:28,0
DA:29,0
DA:30,0
DA:31,0
DA:34,3
DA:35,0
DA:36,0
DA:37,0
DA:38,0
DA:39,0
DA:40,0
DA:43,0
DA:44,0
DA:45,0
DA:46,0
DA:47,0
DA:48,0
DA:49,0
DA:52,0
DA:53,0
DA:54,0
DA:55,0
DA:56,0
DA:59,0
DA:60,0
DA:62,4
DA:63,0
LF:45
LH:6
end_of_record
SF:lib/src/speed.dart
DA:7,2
DA:9,0
DA:12,0
DA:14,2
DA:15,0
DA:16,0
DA:17,0
DA:18,0
DA:19,4
DA:21,4
DA:22,0
LF:11
LH:4
end_of_record
SF:lib/src/area.dart
DA:7,2
DA:9,0
DA:12,0
DA:16,0
DA:17,0
DA:18,0
DA:19,0
DA:20,0
DA:21,0
DA:22,0
DA:23,0
DA:24,0
DA:25,0
DA:26,2
DA:27,0
DA:28,4
DA:29,0
DA:30,0
DA:31,0
DA:32,0
DA:33,0
DA:34,0
DA:35,0
DA:36,0
DA:39,4
DA:40,4
DA:41,4
DA:42,4
DA:43,4
DA:50,0
DA:51,0
DA:52,0
DA:53,0
DA:56,0
DA:57,0
DA:60,0
DA:61,0
DA:62,3
DA:63,0
DA:65,4
DA:66,0
LF:41
LH:10
end_of_record
SF:lib/src/unit.dart
DA:6,1
DA:8,3
DA:9,3
DA:12,20
DA:14,0
DA:15,0
DA:17,3
DA:18,0
LF:8
LH:5
end_of_record
